gui_exclusion -set_force true
# Preference setting overrides
gui_create_pref_key -category {Globals} -key {load_detail_for_funcov} -value_type {bool} -value {false}

# State setting overrides
gui_state_default_create -off -ini
gui_set_state_value -category Globals -key recent_cov_databases -value {/home/tooyama/Code/Project/APB3VIP-4-CMSDK/subsystem/timer/sim/out.vdb /home/tooyama/Code/Project/APB3VIP-4-CMSDK/subsystem/timer/sim/timer_tb.vdb /home/tooyama/Code/Project/AHBL2APB-Verification/sim/out/ahbl2apb_regRW11_tb.vdb /home/tooyama/Code/Project/AHBL2APB-Verification/sim/out/simv_merge.vdb /home/tooyama/Code/Project/AHBL2APB-Verification/sim/out/cov/ahbl2apb_regRW00_tb.vdb}
gui_set_state_value -category Globals -key recent_databases -value {{gui_open_db -file ./logs/spi_reg_test/spi_reg_test.vpd}}
gui_set_state_value -category Globals -key recent_sessions -value {{gui_load_session -ignore_errors -file /home/tooyama/Code/APB_Peripherals/APB_I2C/uvm/sim/sim_run.do} {gui_load_session -ignore_errors -file /home/tooyama/Code/APB_Peripherals/APB2I2C/uvm/sim/debug_wave.do}}
gui_set_state_value -category Layout -key child_assertion_size_x -value 1604
gui_set_state_value -category Layout -key child_assertion_size_y -value 193
gui_set_state_value -category Layout -key child_console_size_x -value 1845
gui_set_state_value -category Layout -key child_console_size_y -value 175
gui_set_state_value -category Layout -key child_covdetail_docknewline -value false
gui_set_state_value -category Layout -key child_covdetail_pos_x -value {-2}
gui_set_state_value -category Layout -key child_covdetail_pos_y -value {-15}
gui_set_state_value -category Layout -key child_covdetail_size_x -value 1655
gui_set_state_value -category Layout -key child_covdetail_size_y -value 594
gui_set_state_value -category Layout -key child_coveragemap_docknewline -value false
gui_set_state_value -category Layout -key child_coveragemap_pos_x -value {-2}
gui_set_state_value -category Layout -key child_coveragemap_pos_y -value {-15}
gui_set_state_value -category Layout -key child_coveragemap_size_x -value 1655
gui_set_state_value -category Layout -key child_coveragemap_size_y -value 594
gui_set_state_value -category Layout -key child_coveragetable_docknewline -value false
gui_set_state_value -category Layout -key child_coveragetable_pos_x -value {-2}
gui_set_state_value -category Layout -key child_coveragetable_pos_y -value {-15}
gui_set_state_value -category Layout -key child_coveragetable_size_x -value 1655
gui_set_state_value -category Layout -key child_coveragetable_size_y -value 594
gui_set_state_value -category Layout -key child_data_coltype -value 71
gui_set_state_value -category Layout -key child_data_colvalue -value 102
gui_set_state_value -category Layout -key child_data_colvariable -value 198
gui_set_state_value -category Layout -key child_data_size_x -value 353
gui_set_state_value -category Layout -key child_data_size_y -value 351
gui_set_state_value -category Layout -key child_driver_size_x -value 1297
gui_set_state_value -category Layout -key child_driver_size_y -value 185
gui_set_state_value -category Layout -key child_hier_col3 -value {-1}
gui_set_state_value -category Layout -key child_hier_colhier -value 320
gui_set_state_value -category Layout -key child_hier_colpd -value 0
gui_set_state_value -category Layout -key child_hier_coltype -value 107
gui_set_state_value -category Layout -key child_hier_size_x -value 419
gui_set_state_value -category Layout -key child_hier_size_y -value 351
gui_set_state_value -category Layout -key child_source_docknewline -value false
gui_set_state_value -category Layout -key child_source_pos_x -value {-2}
gui_set_state_value -category Layout -key child_source_pos_y -value {-15}
gui_set_state_value -category Layout -key child_source_size_x -value 1076
gui_set_state_value -category Layout -key child_source_size_y -value 346
gui_set_state_value -category Layout -key child_wave_colname -value 228
gui_set_state_value -category Layout -key child_wave_colvalue -value 229
gui_set_state_value -category Layout -key child_wave_left -value 461
gui_set_state_value -category Layout -key child_wave_pos_x -value {-2}
gui_set_state_value -category Layout -key child_wave_pos_y -value {-15}
gui_set_state_value -category Layout -key child_wave_right -value 1126
gui_set_state_value -category Layout -key child_wave_size_x -value 1855
gui_set_state_value -category Layout -key child_wave_size_y -value 556
gui_set_state_value -category Layout -key cov_main_pos_x -value 0
gui_set_state_value -category Layout -key cov_main_pos_y -value 28
gui_set_state_value -category Layout -key cov_main_size_x -value 1850
gui_set_state_value -category Layout -key cov_main_size_y -value 890
gui_set_state_value -category Layout -key main_pos_x -value 63
gui_set_state_value -category Layout -key main_pos_y -value 87
gui_set_state_value -category Layout -key main_size_x -value 1908
gui_set_state_value -category Layout -key main_size_y -value 720
gui_set_state_value -category Layout -key stand_source_child_pos_x -value {-2}
gui_set_state_value -category Layout -key stand_source_child_pos_y -value {-15}
gui_set_state_value -category Layout -key stand_source_child_size_x -value 1173
gui_set_state_value -category Layout -key stand_source_child_size_y -value 572
gui_set_state_value -category Layout -key stand_wave_child_docknewline -value false
gui_set_state_value -category Layout -key stand_wave_child_pos_x -value {-2}
gui_set_state_value -category Layout -key stand_wave_child_pos_y -value {-15}
gui_set_state_value -category Layout -key stand_wave_child_size_x -value 1597
gui_set_state_value -category Layout -key stand_wave_child_size_y -value 572
gui_set_state_value -category Layout -key stand_wave_top_pos_x -value 246
gui_set_state_value -category Layout -key stand_wave_top_pos_y -value 169
gui_set_state_value -category Layout -key stand_wave_top_size_x -value 1838
gui_set_state_value -category Layout -key stand_wave_top_size_y -value 853
gui_set_state_value -category Assertion -key show_assertion_type -value successes
gui_create_state_key -category FindDialog -key m_pMatchCase -value_type bool -value false
gui_create_state_key -category FindDialog -key m_pMatchWord -value_type bool -value false
gui_create_state_key -category FindDialog -key m_pUseCombo -value_type string -value {}
gui_create_state_key -category FindDialog -key m_pWrapAround -value_type bool -value true
gui_create_state_key -category Layout_CoverageTable_covtblFGroupsList -key names -value_type string -value {Group,    , ,  ,   ,Score,Assert,}
gui_create_state_key -category Layout_CoverageTable_covtblFGroupsList -key orders -value_type string -value 4,0,1,2,3,5,6,
gui_create_state_key -category Layout_CoverageTable_covtblFGroupsList -key widths -value_type string -value 220,0,25,0,0,125,125,
gui_create_state_key -category Layout_CoverageTable_covtblInstancesList -key names -value_type string -value {Name,    , ,  ,   ,Score,Line,Toggle,FSM,Condition,Branch,Assert,}
gui_create_state_key -category Layout_CoverageTable_covtblInstancesList -key orders -value_type string -value 4,0,1,2,3,5,6,7,8,9,10,11,
gui_create_state_key -category Layout_CoverageTable_covtblInstancesList -key widths -value_type string -value 284,0,25,0,0,125,125,125,125,125,125,125,
gui_create_state_key -category Layout_CoverageTable_covtblModulesList -key names -value_type string -value {Name,    , ,  ,   ,Score,Line,Toggle,FSM,Condition,Branch,Assert,}
gui_create_state_key -category Layout_CoverageTable_covtblModulesList -key orders -value_type string -value 4,0,1,2,3,5,6,7,8,9,10,11,
gui_create_state_key -category Layout_CoverageTable_covtblModulesList -key widths -value_type string -value 220,0,25,0,0,125,125,125,125,125,125,125,
gui_create_state_key -category Layout_CovDetail_lnListView -key names -value_type string -value Category,Coverage,
gui_create_state_key -category Layout_CovDetail_lnListView -key orders -value_type string -value 0,1,
gui_create_state_key -category Layout_CovDetail_lnListView -key widths -value_type string -value 110,125,
gui_create_state_key -category Layout_CovDetail_tglListView -key names -value_type string -value {Variable, ,  ,   ,Type,Coverage,Display,}
gui_create_state_key -category Layout_CovDetail_tglListView -key orders -value_type string -value 3,0,1,2,4,5,6,
gui_create_state_key -category Layout_CovDetail_tglListView -key widths -value_type string -value 140,25,0,0,50,125,1011,
gui_create_state_key -category Layout_CovDetail_tglDetailListView -key names -value_type string -value {Variable, ,  ,   ,0->1,1->0,}
gui_create_state_key -category Layout_CovDetail_tglDetailListView -key orders -value_type string -value 3,0,1,2,4,5,
gui_create_state_key -category Layout_CovDetail_tglDetailListView -key widths -value_type string -value 140,25,0,0,50,50,
gui_create_state_key -category Layout_CovDetail_fsmListView -key names -value_type string -value {FSM, ,  ,   ,State,Transition,Sequence,}
gui_create_state_key -category Layout_CovDetail_fsmListView -key orders -value_type string -value 3,0,1,2,5,4,6,
gui_create_state_key -category Layout_CovDetail_fsmListView -key widths -value_type string -value 85,25,0,0,125,125,125,
gui_create_state_key -category Layout_CovDetail_fsmlist -key names -value_type string -value {Coverage, ,  ,   ,Transition,}
gui_create_state_key -category Layout_CovDetail_fsmlist -key orders -value_type string -value 3,0,1,2,4,
gui_create_state_key -category Layout_CovDetail_fsmlist -key widths -value_type string -value 125,25,0,0,207,
gui_create_state_key -category Layout_CovDetail_cndListView -key names -value_type string -value {Expression, ,  ,   ,ID,Coverage,Line No.,}
gui_create_state_key -category Layout_CovDetail_cndListView -key orders -value_type string -value 3,0,1,2,4,5,6,
gui_create_state_key -category Layout_CovDetail_cndListView -key widths -value_type string -value 320,25,0,0,0,125,88,
gui_create_state_key -category Layout_CovDetail_brListView -key names -value_type string -value {Name, ,  ,   ,Coverage,Line No.,}
gui_create_state_key -category Layout_CovDetail_brListView -key orders -value_type string -value 3,0,1,2,4,5,
gui_create_state_key -category Layout_CovDetail_brListView -key widths -value_type string -value 185,25,0,0,125,64,
gui_create_state_key -category Layout_CovDetail_designAssertListView -key names -value_type string -value {Assert Name,    , ,  ,   ,Attempts,Real Successes,Failures,Incompletes,Category,Severity,}
gui_create_state_key -category Layout_CovDetail_designAssertListView -key orders -value_type string -value 4,0,1,2,3,5,6,7,8,9,10,
gui_create_state_key -category Layout_CovDetail_designAssertListView -key widths -value_type string -value 460,0,25,0,0,89,122,85,107,90,84,
gui_create_state_key -category Layout_CovDetail_codeMiddleSplitter -key value1 -value_type integer -value 10
gui_create_state_key -category Layout_CovDetail_codeMiddleSplitter -key value2 -value_type integer -value 297
gui_create_state_key -category Layout_CovDetail_cndSplitter -key value1 -value_type integer -value 100
gui_create_state_key -category Layout_CovDetail_cndSplitter -key value2 -value_type integer -value 190
gui_create_state_key -category Layout_CovDetail_covGrpInsListView -key names -value_type string -value {Cover Group Item,    , ,  ,   ,Definition,Score,Goal,Weight,At Least,Per Instance,Overlap,Auto Bin Max,Print Missing,Comment,}
gui_create_state_key -category Layout_CovDetail_covGrpInsListView -key orders -value_type string -value 4,0,1,2,3,5,6,7,8,9,10,11,12,13,14,
gui_create_state_key -category Layout_CovDetail_covGrpInsListView -key widths -value_type string -value 139,0,25,0,0,72,125,31,44,49,72,0,82,78,58,
gui_create_state_key -category Layout_CovDetail_covGrpDefListView -key names -value_type string -value {Cover Group Item,    , ,  ,   ,Score,Goal,Weight,At Least,Per Instance,Overlap,Auto Bin Max,Print Missing,Comment,}
gui_create_state_key -category Layout_CovDetail_covGrpDefListView -key orders -value_type string -value 4,0,1,2,3,5,6,7,8,9,10,11,12,13,
gui_create_state_key -category Layout_CovDetail_covGrpDefListView -key widths -value_type string -value 139,0,25,0,0,125,31,44,49,72,0,82,78,58,
gui_create_state_key -category Layout_CovDetail_m_CovGrpTable -key names -value_type string -value {Bin Name,    , ,  ,   ,Status,Cross,At Least,Size,Hit Count,}
gui_create_state_key -category Layout_CovDetail_m_CovGrpTable -key orders -value_type string -value 5,0,1,2,3,4,6,7,8,9,
gui_create_state_key -category Layout_CovDetail_m_CovGrpTable -key widths -value_type string -value 95,0,25,0,0,150,0,61,39,71,
gui_create_state_key -category {Layout_CovDetail_assertion list} -key names -value_type string -value {Instance,    , ,  ,   ,Assert Name,Attempts,Real Successes,Failures,Incompletes,Category,Severity,}
gui_create_state_key -category {Layout_CovDetail_assertion list} -key orders -value_type string -value 4,0,1,2,3,5,6,7,8,9,10,11,
gui_create_state_key -category {Layout_CovDetail_assertion list} -key widths -value_type string -value 85,0,25,0,0,462,89,122,110,107,90,84,
gui_create_state_key -category Layout_CovDetail_funMiddleSplitter -key value1 -value_type integer -value 42
gui_create_state_key -category Layout_CovDetail_funMiddleSplitter -key value2 -value_type integer -value 42
gui_create_state_key -category Layout_CovDetail_splitterWithPrefVal -key value1 -value_type integer -value 334
gui_create_state_key -category Layout_CovDetail_splitterWithPrefVal -key value2 -value_type integer -value 228
gui_create_state_key -category SearchDialog -key MatchCase -value_type bool -value false
gui_create_state_key -category SearchDialog -key MatchWord -value_type bool -value true
gui_create_state_key -category SearchDialog -key SearchMode -value_type string -value Wildcards
gui_create_state_key -category SearchDialog -key UseCombo -value_type bool -value true
gui_create_state_key -category Widget_History -key TopLevel.1|qt_left_dock|DockWnd1|HSPane.1|pages|Class.1|hbox|textfilter -value_type string -value {*driver* *single_write*}
gui_create_state_key -category Widget_History -key TopLevel.1|qt_left_dock|DockWnd2|DLPane.1|pages|Data.1|hbox|textfilter -value_type string -value {*tx_state* *tx_buf* *reload*}
gui_create_state_key -category Layout_CovDetail_vector -key names -value_type string -value {ID, ,  ,   ,Coverage,1,}
gui_create_state_key -category Layout_CovDetail_vector -key orders -value_type string -value 3,0,1,2,4,5,
gui_create_state_key -category Layout_CovDetail_vector -key widths -value_type string -value 0,25,0,0,80,23,
gui_state_default_create -off

# Begin command logging
gui_open_cov -hier out.vdb -testdir {} -test {out/timer_test_5} -merge MergedTest
